----------------------------------------------------------------------
Beginning MPAS-seaice Error Log File for task     105 of     640
    Opened at 2019/01/06 02:47:27
----------------------------------------------------------------------

ERROR: -- SNICAR ice g = :  0.00000000000000
ERROR:  -------------------------------------
ERROR:  picard convergence failed!
ERROR:            0  -13.7431440292169                          NaN
ERROR:            1  -10.6661722478058                          NaN  -117573444.949987
ERROR:            1  -7.08919685856296                          NaN   6.32698458071102                          NaN  5.462149555616470E-002  -303888264.453638
ERROR:            2  -6.08155136499014                          NaN   6.19436198197336                          NaN  6.131068474657191E-002  -299853981.858157
ERROR:            3  -5.10037052901401                          NaN   6.41839063016708                          NaN  7.451452370808460E-002  -293924083.779180
ERROR:            4  -4.13845338522607                          NaN   7.67477053648374                          NaN  0.108026616334603       -281946323.681271
ERROR:            5  -3.18241320259144                          NaN   10.2894404030110                          NaN  0.185247205203145       -256767914.093496
ERROR:            6  -2.24506628306703                          NaN   14.4901390229566                          NaN  0.363744162341590       -200817590.316140
ERROR:            7  -1.73757303845943                          NaN   22.7367367516443                          NaN  0.730817991803287       -88484828.6846958
ERROR:  -------------------------------------
ERROR:  temperature_changes_salinity: Picard solver non-convergence (snow)
ERROR: column_vertical_thermodynamics: ice: Vertical thermo error: picard_solver: Picard solver non-convergence
ERROR: iCell: 1200
