----------------------------------------------------------------------
Beginning MPAS-seaice Error Log File for task     106 of     640
    Opened at 2019/01/06 02:47:27
----------------------------------------------------------------------

ERROR: -- SNICAR ice g = :  0.00000000000000
ERROR:  -------------------------------------
ERROR:  picard convergence failed!
ERROR:            0  -4.36368545997445                          NaN
ERROR:            1  -3.70614606876907                          NaN  -112710480.922717
ERROR:            1  -3.54415114612999                          NaN   9.61685312670309                          NaN  0.156448199690307       -266207154.960883
ERROR:            2  -3.37587394793648                          NaN   9.25125734366562                          NaN  0.157541499022941       -265497029.613300
ERROR:            3  -3.21330712566950                          NaN   9.03978656847213                          NaN  0.161271092423019       -264010722.484781
ERROR:            4  -3.01786613589758                          NaN   8.98940633570973                          NaN  0.170176057723132       -260896295.890640
ERROR:            5  -2.82702256704743                          NaN   8.98737193421875                          NaN  0.181016295858936       -257204668.975066
ERROR:            6  -2.64688410423259                          NaN   9.03554950596936                          NaN  0.193757147552736       -252958593.772066
ERROR:            7  -2.45142307161380                          NaN   9.44457576860972                          NaN  0.217923529592181       -245230240.296640
ERROR:  -------------------------------------
ERROR:  temperature_changes_salinity: Picard solver non-convergence (snow)
ERROR: column_vertical_thermodynamics: ice: Vertical thermo error: picard_solver: Picard solver non-convergence
ERROR: iCell: 2097
