----------------------------------------------------------------------
Beginning MPAS-seaice Error Log File for task     107 of     640
    Opened at 2019/01/06 02:47:27
----------------------------------------------------------------------

ERROR: -- SNICAR ice g = :  0.00000000000000
ERROR:  -------------------------------------
ERROR:  picard convergence failed!
ERROR:            0  -5.09186411875842                          NaN
ERROR:            1  -4.72270442732673                          NaN  -113420749.332939
ERROR:            1  -4.48602312344902                          NaN   12.4101073537917                          NaN  0.162106751183919       -266677132.614889
ERROR:            2  -4.12614816114956                          NaN   11.9394211028075                          NaN  0.168519491731742       -263947300.296666
ERROR:            3  -3.70974306308202                          NaN   11.8409788406690                          NaN  0.184560651703668       -258207176.792575
ERROR:            4  -3.20964221300701                          NaN   12.6285582803575                          NaN  0.225538128244285       -244781645.741996
ERROR:            5  -2.59442341979844                          NaN   15.9262318167379                          NaN  0.348103730067684       -206468592.929209
ERROR:            6  -2.05742183231680                          NaN   22.1898770318767                          NaN  0.605809095403940       -127308309.384834
ERROR:            7  -1.80583900354788                          NaN   28.5476485369131                          NaN  0.883987238226186       -42451816.5518371
ERROR:  -------------------------------------
ERROR:  temperature_changes_salinity: Picard solver non-convergence (snow)
ERROR: column_vertical_thermodynamics: ice: Vertical thermo error: picard_solver: Picard solver non-convergence
ERROR: iCell: 6321
