----------------------------------------------------------------------
Beginning MPAS-seaice Error Log File for task     115 of     640
    Opened at 2019/01/06 02:47:27
----------------------------------------------------------------------

ERROR: -- SNICAR ice g = :  0.00000000000000
ERROR:  -------------------------------------
ERROR:  picard convergence failed!
ERROR:            0  -5.73540700536689                          NaN
ERROR:            1  -4.16273704131436                          NaN  -113029500.624303
ERROR:            1  -2.06629942829212                          NaN   13.9795870101156                          NaN  0.380079072979239       -195404480.425643
ERROR:            2  -2.19437738876705                          NaN   10.7556867679494                          NaN  0.275987039053877       -227117674.697087
ERROR:            3  -2.22686779708862                          NaN   9.49896662942491                          NaN  0.240322433752222       -237942164.840905
ERROR:            4  -2.19238758844909                          NaN   9.09111103625914                          NaN  0.233478094653884       -239919335.765816
ERROR:            5  -2.13823481865710                          NaN   9.08604925963640                          NaN  0.239027741323278       -238114311.080219
ERROR:            6  -2.08034078417571                          NaN   9.28654805176016                          NaN  0.250842565119809       -234409719.380043
ERROR:            7  -2.01712646858657                          NaN   9.56553740658297                          NaN  0.266175952564183       -229627457.408334
ERROR:  -------------------------------------
ERROR:  temperature_changes_salinity: Picard solver non-convergence (snow)
ERROR: column_vertical_thermodynamics: ice: Vertical thermo error: picard_solver: Picard solver non-convergence
ERROR: iCell: 2017
